2025-09-23 15:04:48.665 +01:00 [INF] Start installing Hangfire SQL objects...
2025-09-23 15:04:48.825 +01:00 [INF] Hangfire SQL objects installed.
2025-09-23 15:04:52.953 +01:00 [INF] Starting Hangfire Server using job storage: 'PostgreSQL Server: Host: localhost, DB: cavistaeventcelebration, Schema: hangfire'
2025-09-23 15:04:52.953 +01:00 [INF] Using the following options for PostgreSQL job storage:
2025-09-23 15:04:52.954 +01:00 [INF]     Queue poll interval: 00:00:15.
2025-09-23 15:04:52.954 +01:00 [INF]     Invisibility timeout: 00:30:00.
2025-09-23 15:04:52.954 +01:00 [INF]     Use sliding invisibility timeout: False.
2025-09-23 15:04:52.955 +01:00 [INF] Using the following options for Hangfire Server:
    Worker count: 20
    Listening queues: 'default'
    Shutdown timeout: 00:00:15
    Schedule polling interval: 00:00:15
2025-09-23 15:04:53.148 +01:00 [INF] Application started. Press Ctrl+C to shut down.
2025-09-23 15:04:53.149 +01:00 [INF] Hosting environment: Development
2025-09-23 15:04:53.149 +01:00 [INF] Content root path: C:\SparkHubGit\CavistaEventCelebration\CavistaEventCelebration.Api
2025-09-23 15:04:53.163 +01:00 [INF] Server desktop-egf5hga:19676:8d7e73a3 successfully announced in 49.3872 ms
2025-09-23 15:04:53.194 +01:00 [INF] Server desktop-egf5hga:19676:8d7e73a3 is starting the registered dispatchers: ServerWatchdog, ServerJobCancellationWatcher, ExpirationManager, CountersAggregator, Worker, DelayedJobScheduler, RecurringJobScheduler...
2025-09-23 15:04:53.240 +01:00 [INF] 1 servers were removed due to timeout
2025-09-23 15:04:53.529 +01:00 [INF] Removed 3 outdated record(s) from 'aggregatedcounter' table.
2025-09-23 15:04:54.644 +01:00 [INF] Removed 8 outdated record(s) from 'job' table.
2025-09-23 15:04:55.887 +01:00 [INF] Server desktop-egf5hga:19676:8d7e73a3 all the dispatchers started
2025-09-23 15:04:56.532 +01:00 [INF] HTTP GET /swagger/index.html responded 200 in 3149.9816 ms
2025-09-23 15:04:57.187 +01:00 [INF] HTTP GET /swagger/v1/swagger.json responded 200 in 44.1389 ms
2025-09-23 15:06:14.200 +01:00 [INF] HTTP GET /eventjobs responded 200 in 156.4157 ms
2025-09-23 15:06:14.282 +01:00 [INF] HTTP GET /eventjobs/css-dark182101056051558 responded 200 in 1.9162 ms
2025-09-23 15:06:14.283 +01:00 [INF] HTTP GET /eventjobs/css182102130801685 responded 200 in 19.3080 ms
2025-09-23 15:06:14.294 +01:00 [INF] HTTP GET /eventjobs/js182101479686918 responded 200 in 10.7408 ms
2025-09-23 15:06:15.111 +01:00 [INF] HTTP GET /eventjobs responded 200 in 57.3377 ms
2025-09-23 15:06:17.309 +01:00 [INF] HTTP POST /eventjobs/stats responded 200 in 56.3565 ms
2025-09-23 15:06:19.341 +01:00 [INF] HTTP POST /eventjobs/stats responded 200 in 14.9986 ms
2025-09-23 15:06:21.150 +01:00 [INF] HTTP GET /eventjobs/jobs/enqueued responded 200 in 68.3055 ms
2025-09-23 15:06:23.254 +01:00 [INF] HTTP POST /eventjobs/stats responded 200 in 17.8958 ms
2025-09-23 15:06:24.159 +01:00 [INF] HTTP GET /eventjobs/jobs/processing responded 200 in 103.5371 ms
2025-09-23 15:06:26.270 +01:00 [INF] HTTP POST /eventjobs/stats responded 200 in 6.4673 ms
2025-09-23 15:06:27.766 +01:00 [INF] HTTP GET /eventjobs/jobs/succeeded responded 200 in 30.3128 ms
2025-09-23 15:06:29.887 +01:00 [INF] HTTP POST /eventjobs/stats responded 200 in 23.9710 ms
2025-09-23 15:06:31.924 +01:00 [INF] HTTP POST /eventjobs/stats responded 200 in 11.5421 ms
2025-09-23 15:06:33.959 +01:00 [INF] HTTP POST /eventjobs/stats responded 200 in 11.1806 ms
2025-09-23 15:06:36.029 +01:00 [INF] HTTP POST /eventjobs/stats responded 200 in 31.3732 ms
2025-09-23 15:06:38.072 +01:00 [INF] HTTP POST /eventjobs/stats responded 200 in 14.9183 ms
2025-09-23 15:06:40.117 +01:00 [INF] HTTP POST /eventjobs/stats responded 200 in 23.3001 ms
2025-09-23 15:06:42.168 +01:00 [INF] HTTP POST /eventjobs/stats responded 200 in 25.4463 ms
2025-09-23 15:06:43.908 +01:00 [INF] HTTP GET /eventjobs/jobs/processing responded 200 in 24.2573 ms
2025-09-23 15:06:46.032 +01:00 [INF] HTTP POST /eventjobs/stats responded 200 in 11.3015 ms
2025-09-23 15:06:48.056 +01:00 [INF] HTTP POST /eventjobs/stats responded 200 in 6.4185 ms
2025-09-23 15:06:50.098 +01:00 [INF] HTTP POST /eventjobs/stats responded 200 in 23.4322 ms
2025-09-23 15:06:52.120 +01:00 [INF] HTTP POST /eventjobs/stats responded 200 in 9.9581 ms
2025-09-23 15:06:54.179 +01:00 [INF] HTTP POST /eventjobs/stats responded 200 in 34.9428 ms
2025-09-23 15:06:56.238 +01:00 [INF] HTTP POST /eventjobs/stats responded 200 in 15.0951 ms
2025-09-23 15:06:58.277 +01:00 [INF] HTTP POST /eventjobs/stats responded 200 in 11.7854 ms
2025-09-23 15:07:00.313 +01:00 [INF] HTTP POST /eventjobs/stats responded 200 in 13.9428 ms
2025-09-23 15:07:02.358 +01:00 [INF] HTTP POST /eventjobs/stats responded 200 in 17.5953 ms
2025-09-23 15:07:04.394 +01:00 [INF] HTTP POST /eventjobs/stats responded 200 in 6.8314 ms
2025-09-23 15:07:06.413 +01:00 [INF] HTTP POST /eventjobs/stats responded 200 in 4.3529 ms
2025-09-23 15:07:08.449 +01:00 [INF] HTTP POST /eventjobs/stats responded 200 in 18.7688 ms
2025-09-23 15:07:10.443 +01:00 [INF] HTTP GET /eventjobs/jobs/succeeded responded 200 in 10.9064 ms
2025-09-23 15:07:12.553 +01:00 [INF] HTTP POST /eventjobs/stats responded 200 in 5.8011 ms
2025-09-23 15:07:14.605 +01:00 [INF] HTTP POST /eventjobs/stats responded 200 in 12.5397 ms
2025-09-23 15:07:16.621 +01:00 [INF] HTTP POST /eventjobs/stats responded 200 in 4.7025 ms
2025-09-23 15:07:18.650 +01:00 [INF] HTTP POST /eventjobs/stats responded 200 in 6.5375 ms
2025-09-23 15:07:20.681 +01:00 [INF] HTTP POST /eventjobs/stats responded 200 in 6.7724 ms
2025-09-23 17:53:22.611 +01:00 [INF] Start installing Hangfire SQL objects...
2025-09-23 17:53:22.740 +01:00 [INF] Hangfire SQL objects installed.
2025-09-23 17:53:25.960 +01:00 [INF] Starting Hangfire Server using job storage: 'PostgreSQL Server: Host: localhost, DB: cavistaeventcelebration, Schema: hangfire'
2025-09-23 17:53:25.960 +01:00 [INF] Using the following options for PostgreSQL job storage:
2025-09-23 17:53:25.961 +01:00 [INF]     Queue poll interval: 00:00:15.
2025-09-23 17:53:25.961 +01:00 [INF]     Invisibility timeout: 00:30:00.
2025-09-23 17:53:25.961 +01:00 [INF]     Use sliding invisibility timeout: False.
2025-09-23 17:53:25.962 +01:00 [INF] Using the following options for Hangfire Server:
    Worker count: 20
    Listening queues: 'default'
    Shutdown timeout: 00:00:15
    Schedule polling interval: 00:00:15
2025-09-23 17:53:26.053 +01:00 [INF] Application started. Press Ctrl+C to shut down.
2025-09-23 17:53:26.054 +01:00 [INF] Hosting environment: Development
2025-09-23 17:53:26.054 +01:00 [INF] Content root path: C:\SparkHubGit\CavistaEventCelebration\CavistaEventCelebration.Api
2025-09-23 17:53:26.109 +01:00 [INF] Server desktop-egf5hga:12772:29a6fc56 successfully announced in 31.1413 ms
2025-09-23 17:53:26.130 +01:00 [INF] Server desktop-egf5hga:12772:29a6fc56 is starting the registered dispatchers: ServerWatchdog, ServerJobCancellationWatcher, ExpirationManager, CountersAggregator, Worker, DelayedJobScheduler, RecurringJobScheduler...
2025-09-23 17:53:26.149 +01:00 [INF] 1 servers were removed due to timeout
2025-09-23 17:53:28.061 +01:00 [INF] Server desktop-egf5hga:12772:29a6fc56 all the dispatchers started
2025-09-23 17:53:28.570 +01:00 [INF] HTTP GET /swagger/index.html responded 200 in 2500.3810 ms
2025-09-23 17:53:29.242 +01:00 [INF] HTTP GET /swagger/v1/swagger.json responded 200 in 163.9930 ms
2025-09-23 17:53:36.369 +01:00 [INF] HTTP GET /swagger/v1/swagger.json responded 200 in 67.0817 ms
2025-09-23 17:53:45.369 +01:00 [INF] HTTP GET /eventjobs responded 200 in 173.0140 ms
2025-09-23 17:53:45.428 +01:00 [INF] HTTP GET /eventjobs/css18210607108442 responded 200 in 13.5467 ms
2025-09-23 17:53:45.448 +01:00 [INF] HTTP GET /eventjobs/css-dark182101570779861 responded 200 in 3.5749 ms
2025-09-23 17:53:45.449 +01:00 [INF] HTTP GET /eventjobs/js182101377156302 responded 200 in 12.0405 ms
2025-09-23 17:53:47.742 +01:00 [INF] HTTP POST /eventjobs/stats responded 200 in 70.0254 ms
2025-09-23 17:53:49.248 +01:00 [INF] HTTP GET /eventjobs/recurring responded 200 in 170.6393 ms
2025-09-23 17:53:51.436 +01:00 [INF] HTTP POST /eventjobs/stats responded 200 in 24.2054 ms
2025-09-23 17:53:53.475 +01:00 [INF] HTTP POST /eventjobs/stats responded 200 in 20.6080 ms
2025-09-23 17:53:53.955 +01:00 [INF] HTTP POST /eventjobs/recurring/trigger responded 204 in 85.4136 ms
2025-09-23 17:53:54.036 +01:00 [INF] HTTP GET /eventjobs/recurring responded 200 in 61.1100 ms
2025-09-23 17:54:14.961 +01:00 [INF] HTTP POST /eventjobs/stats responded 200 in 40.2831 ms
2025-09-23 17:54:18.739 +01:00 [INF] HTTP POST /eventjobs/stats responded 200 in 1080.1428 ms
2025-09-23 17:54:26.894 +01:00 [INF] HTTP POST /eventjobs/stats responded 200 in 4844.8109 ms
2025-09-23 17:54:29.117 +01:00 [INF] HTTP POST /eventjobs/stats responded 200 in 33.0153 ms
2025-09-23 17:54:31.155 +01:00 [INF] HTTP POST /eventjobs/stats responded 200 in 15.7398 ms
2025-09-23 17:54:34.547 +01:00 [INF] HTTP POST /eventjobs/stats responded 200 in 530.1605 ms
2025-09-23 17:54:38.299 +01:00 [INF] HTTP POST /eventjobs/stats responded 200 in 676.6524 ms
2025-09-23 17:54:41.062 +01:00 [INF] HTTP POST /eventjobs/stats responded 200 in 16.0402 ms
2025-09-23 17:54:43.085 +01:00 [INF] HTTP POST /eventjobs/stats responded 200 in 6.6908 ms
2025-09-23 17:54:45.693 +01:00 [INF] HTTP POST /eventjobs/stats responded 200 in 79.6585 ms
2025-09-23 17:54:50.982 +01:00 [INF] HTTP POST /eventjobs/stats responded 200 in 801.6304 ms
2025-09-23 17:54:55.054 +01:00 [INF] HTTP POST /eventjobs/stats responded 200 in 1208.5896 ms
2025-09-23 17:54:57.779 +01:00 [INF] HTTP POST /eventjobs/stats responded 200 in 54.2402 ms
2025-09-23 17:55:32.583 +01:00 [INF] HTTP POST /eventjobs/stats responded 200 in 1208.7140 ms
2025-09-23 17:55:49.916 +01:00 [INF] HTTP POST /eventjobs/stats responded 200 in 620.3711 ms
2025-09-23 17:55:57.949 +01:00 [INF] HTTP POST /eventjobs/stats responded 200 in 3786.0329 ms
2025-09-23 17:56:02.174 +01:00 [INF] HTTP POST /eventjobs/stats responded 200 in 11.9574 ms
2025-09-23 17:56:04.206 +01:00 [INF] HTTP POST /eventjobs/stats responded 200 in 5.2764 ms
2025-09-23 17:56:06.711 +01:00 [INF] HTTP POST /eventjobs/stats responded 200 in 4.6699 ms
2025-09-23 17:56:08.732 +01:00 [INF] HTTP POST /eventjobs/stats responded 200 in 6.4913 ms
2025-09-23 17:56:10.753 +01:00 [INF] HTTP POST /eventjobs/stats responded 200 in 6.0027 ms
2025-09-23 17:56:12.781 +01:00 [INF] HTTP POST /eventjobs/stats responded 200 in 14.0048 ms
2025-09-23 17:56:14.809 +01:00 [INF] HTTP POST /eventjobs/stats responded 200 in 9.8358 ms
2025-09-23 17:56:16.845 +01:00 [INF] HTTP POST /eventjobs/stats responded 200 in 10.4984 ms
2025-09-23 17:56:18.899 +01:00 [INF] HTTP POST /eventjobs/stats responded 200 in 27.1180 ms
2025-09-23 17:56:20.919 +01:00 [INF] HTTP POST /eventjobs/stats responded 200 in 5.3509 ms
2025-09-23 17:56:22.949 +01:00 [INF] HTTP POST /eventjobs/stats responded 200 in 9.1773 ms
2025-09-23 17:56:25.006 +01:00 [INF] HTTP POST /eventjobs/stats responded 200 in 33.6541 ms
2025-09-23 17:56:27.064 +01:00 [INF] HTTP POST /eventjobs/stats responded 200 in 6.1317 ms
2025-09-23 17:56:29.094 +01:00 [INF] HTTP POST /eventjobs/stats responded 200 in 9.7305 ms
2025-09-23 17:56:31.134 +01:00 [INF] HTTP POST /eventjobs/stats responded 200 in 13.3036 ms
2025-09-23 17:56:33.161 +01:00 [INF] HTTP POST /eventjobs/stats responded 200 in 9.8696 ms
2025-09-23 17:56:35.193 +01:00 [INF] HTTP POST /eventjobs/stats responded 200 in 9.3143 ms
2025-09-23 17:56:37.230 +01:00 [INF] HTTP POST /eventjobs/stats responded 200 in 11.8121 ms
2025-09-23 17:56:39.261 +01:00 [INF] HTTP POST /eventjobs/stats responded 200 in 9.9943 ms
2025-09-23 17:56:41.308 +01:00 [INF] HTTP POST /eventjobs/stats responded 200 in 17.7668 ms
2025-09-23 17:56:43.331 +01:00 [INF] HTTP POST /eventjobs/stats responded 200 in 8.9647 ms
2025-09-23 17:56:45.361 +01:00 [INF] HTTP POST /eventjobs/stats responded 200 in 15.1796 ms
2025-09-23 17:56:47.399 +01:00 [INF] HTTP POST /eventjobs/stats responded 200 in 12.2484 ms
2025-09-23 17:56:49.440 +01:00 [INF] HTTP POST /eventjobs/stats responded 200 in 14.2558 ms
2025-09-23 17:56:51.484 +01:00 [INF] HTTP POST /eventjobs/stats responded 200 in 15.1697 ms
2025-09-23 17:56:53.511 +01:00 [INF] HTTP POST /eventjobs/stats responded 200 in 9.1568 ms
2025-09-23 17:56:55.553 +01:00 [INF] HTTP POST /eventjobs/stats responded 200 in 15.3959 ms
2025-09-23 17:56:57.588 +01:00 [INF] HTTP POST /eventjobs/stats responded 200 in 12.7782 ms
2025-09-23 17:56:59.613 +01:00 [INF] HTTP POST /eventjobs/stats responded 200 in 5.5384 ms
2025-09-23 17:57:01.650 +01:00 [INF] HTTP POST /eventjobs/stats responded 200 in 17.4378 ms
2025-09-23 17:57:03.675 +01:00 [INF] HTTP POST /eventjobs/stats responded 200 in 10.6449 ms
2025-09-23 17:57:05.711 +01:00 [INF] HTTP POST /eventjobs/stats responded 200 in 9.2633 ms
2025-09-23 17:57:07.763 +01:00 [INF] HTTP POST /eventjobs/stats responded 200 in 11.6231 ms
2025-09-23 17:57:09.796 +01:00 [INF] HTTP POST /eventjobs/stats responded 200 in 9.8278 ms
2025-09-23 17:57:11.832 +01:00 [INF] HTTP POST /eventjobs/stats responded 200 in 11.7485 ms
2025-09-23 17:57:13.856 +01:00 [INF] HTTP POST /eventjobs/stats responded 200 in 5.8107 ms
2025-09-23 17:57:15.883 +01:00 [INF] HTTP POST /eventjobs/stats responded 200 in 9.1997 ms
2025-09-23 17:57:17.935 +01:00 [INF] HTTP POST /eventjobs/stats responded 200 in 21.7804 ms
2025-09-23 17:57:19.972 +01:00 [INF] HTTP POST /eventjobs/stats responded 200 in 13.0278 ms
2025-09-23 17:57:22.009 +01:00 [INF] HTTP POST /eventjobs/stats responded 200 in 9.8705 ms
2025-09-23 17:57:24.052 +01:00 [INF] HTTP POST /eventjobs/stats responded 200 in 12.6074 ms
2025-09-23 17:57:26.100 +01:00 [INF] HTTP POST /eventjobs/stats responded 200 in 15.7431 ms
2025-09-23 17:57:28.132 +01:00 [INF] HTTP POST /eventjobs/stats responded 200 in 14.0666 ms
2025-09-23 17:57:30.187 +01:00 [INF] HTTP POST /eventjobs/stats responded 200 in 32.2896 ms
2025-09-23 17:57:32.211 +01:00 [INF] HTTP POST /eventjobs/stats responded 200 in 9.7486 ms
2025-09-23 17:57:34.253 +01:00 [INF] HTTP POST /eventjobs/stats responded 200 in 14.9250 ms
2025-09-23 17:57:36.280 +01:00 [INF] HTTP POST /eventjobs/stats responded 200 in 9.4988 ms
2025-09-23 17:57:38.316 +01:00 [INF] HTTP POST /eventjobs/stats responded 200 in 8.8088 ms
2025-09-23 17:57:40.359 +01:00 [INF] HTTP POST /eventjobs/stats responded 200 in 14.8475 ms
2025-09-23 17:57:42.400 +01:00 [INF] HTTP POST /eventjobs/stats responded 200 in 11.4841 ms
2025-09-23 17:57:44.432 +01:00 [INF] HTTP POST /eventjobs/stats responded 200 in 9.1468 ms
2025-09-23 17:57:46.468 +01:00 [INF] HTTP POST /eventjobs/stats responded 200 in 9.3113 ms
2025-09-23 17:57:48.491 +01:00 [INF] HTTP POST /eventjobs/stats responded 200 in 5.4695 ms
2025-09-23 17:57:50.518 +01:00 [INF] HTTP POST /eventjobs/stats responded 200 in 9.1239 ms
2025-09-23 17:57:52.548 +01:00 [INF] HTTP POST /eventjobs/stats responded 200 in 8.8472 ms
2025-09-23 17:57:54.591 +01:00 [INF] HTTP POST /eventjobs/stats responded 200 in 10.8399 ms
2025-09-23 17:57:56.621 +01:00 [INF] HTTP POST /eventjobs/stats responded 200 in 9.0813 ms
2025-09-23 17:57:58.657 +01:00 [INF] HTTP POST /eventjobs/stats responded 200 in 8.2092 ms
2025-09-23 17:58:00.689 +01:00 [INF] HTTP POST /eventjobs/stats responded 200 in 12.6751 ms
2025-09-23 17:58:02.719 +01:00 [INF] HTTP POST /eventjobs/stats responded 200 in 8.6252 ms
2025-09-23 17:58:04.744 +01:00 [INF] HTTP POST /eventjobs/stats responded 200 in 8.3693 ms
2025-09-23 17:58:06.771 +01:00 [INF] HTTP POST /eventjobs/stats responded 200 in 3.6756 ms
2025-09-23 17:58:08.806 +01:00 [INF] HTTP POST /eventjobs/stats responded 200 in 10.8238 ms
2025-09-23 17:58:10.839 +01:00 [INF] HTTP POST /eventjobs/stats responded 200 in 8.6631 ms
2025-09-23 17:58:12.879 +01:00 [INF] HTTP POST /eventjobs/stats responded 200 in 16.7333 ms
2025-09-23 17:58:14.912 +01:00 [INF] HTTP POST /eventjobs/stats responded 200 in 8.5716 ms
2025-09-23 17:58:16.941 +01:00 [INF] HTTP POST /eventjobs/stats responded 200 in 9.5217 ms
2025-09-23 17:58:18.978 +01:00 [INF] HTTP POST /eventjobs/stats responded 200 in 8.7872 ms
2025-09-23 17:58:21.012 +01:00 [INF] HTTP POST /eventjobs/stats responded 200 in 8.9326 ms
2025-09-23 17:58:23.046 +01:00 [INF] HTTP POST /eventjobs/stats responded 200 in 10.2509 ms
2025-09-23 17:58:25.103 +01:00 [INF] HTTP POST /eventjobs/stats responded 200 in 14.3275 ms
2025-09-23 17:58:27.140 +01:00 [INF] HTTP POST /eventjobs/stats responded 200 in 9.0683 ms
2025-09-23 17:58:29.183 +01:00 [INF] HTTP POST /eventjobs/stats responded 200 in 10.3485 ms
2025-09-23 17:58:31.473 +01:00 [INF] HTTP POST /eventjobs/stats responded 200 in 3.7602 ms
2025-09-23 17:58:34.469 +01:00 [INF] HTTP POST /eventjobs/stats responded 200 in 5.4556 ms
2025-09-23 17:58:37.461 +01:00 [INF] HTTP POST /eventjobs/stats responded 200 in 4.5679 ms
2025-09-23 17:58:40.478 +01:00 [INF] HTTP POST /eventjobs/stats responded 200 in 7.3650 ms
2025-09-23 17:58:43.471 +01:00 [INF] HTTP POST /eventjobs/stats responded 200 in 5.7647 ms
2025-09-23 17:58:46.479 +01:00 [INF] HTTP POST /eventjobs/stats responded 200 in 11.0671 ms
2025-09-23 17:58:49.466 +01:00 [INF] HTTP POST /eventjobs/stats responded 200 in 4.6623 ms
2025-09-23 17:58:52.467 +01:00 [INF] HTTP POST /eventjobs/stats responded 200 in 3.4209 ms
2025-09-23 17:58:55.474 +01:00 [INF] HTTP POST /eventjobs/stats responded 200 in 9.2127 ms
2025-09-23 17:58:58.477 +01:00 [INF] HTTP POST /eventjobs/stats responded 200 in 10.4776 ms
2025-09-23 17:59:01.484 +01:00 [INF] HTTP POST /eventjobs/stats responded 200 in 8.9341 ms
2025-09-23 17:59:04.468 +01:00 [INF] HTTP POST /eventjobs/stats responded 200 in 7.6160 ms
2025-09-23 17:59:07.482 +01:00 [INF] HTTP POST /eventjobs/stats responded 200 in 8.2443 ms
2025-09-23 17:59:10.483 +01:00 [INF] HTTP POST /eventjobs/stats responded 200 in 8.2840 ms
2025-09-23 17:59:13.730 +01:00 [INF] HTTP POST /eventjobs/stats responded 200 in 259.7173 ms
2025-09-23 17:59:16.470 +01:00 [INF] HTTP POST /eventjobs/stats responded 200 in 8.2130 ms
2025-09-23 17:59:19.532 +01:00 [INF] HTTP POST /eventjobs/stats responded 200 in 52.2617 ms
2025-09-23 17:59:22.501 +01:00 [INF] HTTP POST /eventjobs/stats responded 200 in 31.0973 ms
2025-09-23 17:59:25.473 +01:00 [INF] HTTP POST /eventjobs/stats responded 200 in 7.7808 ms
2025-09-23 17:59:28.502 +01:00 [INF] HTTP POST /eventjobs/stats responded 200 in 32.2287 ms
2025-09-23 17:59:31.510 +01:00 [INF] HTTP POST /eventjobs/stats responded 200 in 41.2699 ms
2025-09-23 17:59:34.503 +01:00 [INF] HTTP POST /eventjobs/stats responded 200 in 11.5948 ms
2025-09-23 17:59:37.480 +01:00 [INF] HTTP POST /eventjobs/stats responded 200 in 16.0236 ms
2025-09-23 17:59:40.483 +01:00 [INF] HTTP POST /eventjobs/stats responded 200 in 9.0000 ms
2025-09-23 17:59:43.489 +01:00 [INF] HTTP POST /eventjobs/stats responded 200 in 25.3056 ms
2025-09-23 17:59:46.485 +01:00 [INF] HTTP POST /eventjobs/stats responded 200 in 12.3570 ms
2025-09-23 17:59:49.458 +01:00 [INF] HTTP POST /eventjobs/stats responded 200 in 3.3295 ms
2025-09-23 17:59:52.473 +01:00 [INF] HTTP POST /eventjobs/stats responded 200 in 9.2049 ms
2025-09-23 17:59:55.485 +01:00 [INF] HTTP POST /eventjobs/stats responded 200 in 18.8239 ms
2025-09-23 17:59:58.479 +01:00 [INF] HTTP POST /eventjobs/stats responded 200 in 8.1077 ms
2025-09-23 18:00:01.470 +01:00 [INF] HTTP POST /eventjobs/stats responded 200 in 5.5340 ms
2025-09-23 18:00:04.471 +01:00 [INF] HTTP POST /eventjobs/stats responded 200 in 7.5464 ms
2025-09-23 18:00:07.484 +01:00 [INF] HTTP POST /eventjobs/stats responded 200 in 10.8551 ms
2025-09-23 18:00:10.476 +01:00 [INF] HTTP POST /eventjobs/stats responded 200 in 4.4232 ms
2025-09-23 18:00:13.476 +01:00 [INF] HTTP POST /eventjobs/stats responded 200 in 4.2867 ms
2025-09-23 18:00:16.480 +01:00 [INF] HTTP POST /eventjobs/stats responded 200 in 8.2728 ms
2025-09-23 18:00:19.488 +01:00 [INF] HTTP POST /eventjobs/stats responded 200 in 21.0949 ms
2025-09-23 18:00:22.494 +01:00 [INF] HTTP POST /eventjobs/stats responded 200 in 11.7994 ms
2025-09-23 18:00:25.479 +01:00 [INF] HTTP POST /eventjobs/stats responded 200 in 6.0396 ms
2025-09-23 18:00:28.469 +01:00 [INF] HTTP POST /eventjobs/stats responded 200 in 8.4292 ms
2025-09-23 18:00:31.465 +01:00 [INF] HTTP POST /eventjobs/stats responded 200 in 4.7190 ms
2025-09-23 18:00:34.506 +01:00 [INF] HTTP POST /eventjobs/stats responded 200 in 5.1266 ms
2025-09-23 18:00:37.488 +01:00 [INF] HTTP POST /eventjobs/stats responded 200 in 6.8230 ms
2025-09-23 18:00:40.476 +01:00 [INF] HTTP POST /eventjobs/stats responded 200 in 6.6509 ms
2025-09-23 18:00:43.477 +01:00 [INF] HTTP POST /eventjobs/stats responded 200 in 6.5161 ms
2025-09-23 18:00:46.462 +01:00 [INF] HTTP POST /eventjobs/stats responded 200 in 4.1828 ms
2025-09-23 18:00:49.473 +01:00 [INF] HTTP POST /eventjobs/stats responded 200 in 9.4990 ms
2025-09-23 18:00:52.475 +01:00 [INF] HTTP POST /eventjobs/stats responded 200 in 7.8020 ms
2025-09-23 18:00:55.472 +01:00 [INF] HTTP POST /eventjobs/stats responded 200 in 4.4136 ms
2025-09-23 18:00:58.475 +01:00 [INF] HTTP POST /eventjobs/stats responded 200 in 4.3585 ms
2025-09-23 18:01:01.475 +01:00 [INF] HTTP POST /eventjobs/stats responded 200 in 15.7146 ms
2025-09-23 18:01:04.477 +01:00 [INF] HTTP POST /eventjobs/stats responded 200 in 10.6319 ms
2025-09-23 18:01:07.475 +01:00 [INF] HTTP POST /eventjobs/stats responded 200 in 4.3405 ms
2025-09-23 18:01:10.473 +01:00 [INF] HTTP POST /eventjobs/stats responded 200 in 6.6915 ms
2025-09-23 18:01:13.473 +01:00 [INF] HTTP POST /eventjobs/stats responded 200 in 11.1104 ms
2025-09-23 18:01:16.475 +01:00 [INF] HTTP POST /eventjobs/stats responded 200 in 8.5567 ms
2025-09-23 18:01:19.471 +01:00 [INF] HTTP POST /eventjobs/stats responded 200 in 8.3144 ms
2025-09-23 18:01:22.472 +01:00 [INF] HTTP POST /eventjobs/stats responded 200 in 7.6410 ms
2025-09-23 18:01:25.463 +01:00 [INF] HTTP POST /eventjobs/stats responded 200 in 3.0156 ms
2025-09-23 18:01:28.472 +01:00 [INF] HTTP POST /eventjobs/stats responded 200 in 10.9646 ms
2025-09-23 18:01:31.468 +01:00 [INF] HTTP POST /eventjobs/stats responded 200 in 3.7158 ms
2025-09-23 18:01:34.494 +01:00 [INF] HTTP POST /eventjobs/stats responded 200 in 10.5415 ms
2025-09-23 18:01:37.477 +01:00 [INF] HTTP POST /eventjobs/stats responded 200 in 5.3817 ms
2025-09-23 18:01:40.473 +01:00 [INF] HTTP POST /eventjobs/stats responded 200 in 4.2233 ms
2025-09-23 18:01:43.470 +01:00 [INF] HTTP POST /eventjobs/stats responded 200 in 8.0931 ms
2025-09-23 18:01:46.469 +01:00 [INF] HTTP POST /eventjobs/stats responded 200 in 9.1340 ms
2025-09-23 18:01:49.468 +01:00 [INF] HTTP POST /eventjobs/stats responded 200 in 4.5739 ms
2025-09-23 18:01:52.473 +01:00 [INF] HTTP POST /eventjobs/stats responded 200 in 5.0237 ms
2025-09-23 18:01:55.473 +01:00 [INF] HTTP POST /eventjobs/stats responded 200 in 9.9431 ms
2025-09-23 18:01:58.475 +01:00 [INF] HTTP POST /eventjobs/stats responded 200 in 8.2819 ms
2025-09-23 18:02:01.479 +01:00 [INF] HTTP POST /eventjobs/stats responded 200 in 8.7002 ms
2025-09-23 18:02:04.487 +01:00 [INF] HTTP POST /eventjobs/stats responded 200 in 4.4477 ms
2025-09-23 18:02:07.485 +01:00 [INF] HTTP POST /eventjobs/stats responded 200 in 5.3175 ms
2025-09-23 18:02:10.483 +01:00 [INF] HTTP POST /eventjobs/stats responded 200 in 4.7269 ms
2025-09-23 18:02:13.469 +01:00 [INF] HTTP POST /eventjobs/stats responded 200 in 4.9372 ms
2025-09-23 18:02:16.483 +01:00 [INF] HTTP POST /eventjobs/stats responded 200 in 12.3565 ms
2025-09-23 18:02:19.477 +01:00 [INF] HTTP POST /eventjobs/stats responded 200 in 7.2158 ms
2025-09-23 18:02:22.468 +01:00 [INF] HTTP POST /eventjobs/stats responded 200 in 4.1928 ms
2025-09-23 18:02:25.462 +01:00 [INF] HTTP POST /eventjobs/stats responded 200 in 3.2774 ms
2025-09-23 18:02:28.470 +01:00 [INF] HTTP POST /eventjobs/stats responded 200 in 8.7520 ms
2025-09-23 18:02:31.468 +01:00 [INF] HTTP POST /eventjobs/stats responded 200 in 6.0590 ms
2025-09-23 18:02:34.504 +01:00 [INF] HTTP POST /eventjobs/stats responded 200 in 4.5980 ms
2025-09-23 18:02:37.468 +01:00 [INF] HTTP POST /eventjobs/stats responded 200 in 8.1381 ms
2025-09-23 18:02:40.472 +01:00 [INF] HTTP POST /eventjobs/stats responded 200 in 4.9011 ms
2025-09-23 18:02:43.486 +01:00 [INF] HTTP POST /eventjobs/stats responded 200 in 11.5781 ms
2025-09-23 18:02:46.465 +01:00 [INF] HTTP POST /eventjobs/stats responded 200 in 7.5168 ms
2025-09-23 18:02:49.459 +01:00 [INF] HTTP POST /eventjobs/stats responded 200 in 4.1879 ms
2025-09-23 18:02:52.466 +01:00 [INF] HTTP POST /eventjobs/stats responded 200 in 4.0900 ms
2025-09-23 18:02:55.478 +01:00 [INF] HTTP POST /eventjobs/stats responded 200 in 12.3408 ms
2025-09-23 18:02:58.462 +01:00 [INF] HTTP POST /eventjobs/stats responded 200 in 5.2825 ms
2025-09-23 18:03:01.473 +01:00 [INF] HTTP POST /eventjobs/stats responded 200 in 3.9651 ms
2025-09-23 18:03:04.463 +01:00 [INF] HTTP POST /eventjobs/stats responded 200 in 6.3335 ms
2025-09-23 18:03:07.471 +01:00 [INF] HTTP POST /eventjobs/stats responded 200 in 4.1144 ms
2025-09-23 18:03:10.469 +01:00 [INF] HTTP POST /eventjobs/stats responded 200 in 4.2820 ms
2025-09-23 18:03:13.471 +01:00 [INF] HTTP POST /eventjobs/stats responded 200 in 6.4380 ms
2025-09-23 18:03:16.483 +01:00 [INF] HTTP POST /eventjobs/stats responded 200 in 11.3858 ms
2025-09-23 18:03:19.478 +01:00 [INF] HTTP POST /eventjobs/stats responded 200 in 4.5232 ms
2025-09-23 18:03:22.468 +01:00 [INF] HTTP POST /eventjobs/stats responded 200 in 4.0956 ms
2025-09-23 18:03:25.472 +01:00 [INF] HTTP POST /eventjobs/stats responded 200 in 3.9853 ms
2025-09-23 18:03:28.466 +01:00 [INF] HTTP POST /eventjobs/stats responded 200 in 7.0161 ms
2025-09-23 18:03:31.472 +01:00 [INF] HTTP POST /eventjobs/stats responded 200 in 10.4474 ms
2025-09-23 18:03:34.483 +01:00 [INF] HTTP POST /eventjobs/stats responded 200 in 5.8296 ms
2025-09-23 18:03:37.483 +01:00 [INF] HTTP POST /eventjobs/stats responded 200 in 7.5545 ms
2025-09-23 18:03:40.467 +01:00 [INF] HTTP POST /eventjobs/stats responded 200 in 9.1660 ms
2025-09-23 18:03:43.476 +01:00 [INF] HTTP POST /eventjobs/stats responded 200 in 8.1605 ms
2025-09-23 18:03:46.480 +01:00 [INF] HTTP POST /eventjobs/stats responded 200 in 7.3172 ms
2025-09-23 18:03:49.465 +01:00 [INF] HTTP POST /eventjobs/stats responded 200 in 4.8408 ms
2025-09-23 18:03:52.472 +01:00 [INF] HTTP POST /eventjobs/stats responded 200 in 4.8886 ms
2025-09-23 18:03:55.467 +01:00 [INF] HTTP POST /eventjobs/stats responded 200 in 5.4337 ms
2025-09-23 18:03:58.475 +01:00 [INF] HTTP POST /eventjobs/stats responded 200 in 7.3285 ms
2025-09-23 18:04:01.473 +01:00 [INF] HTTP POST /eventjobs/stats responded 200 in 9.8375 ms
2025-09-23 18:04:04.479 +01:00 [INF] HTTP POST /eventjobs/stats responded 200 in 4.2525 ms
2025-09-23 18:04:07.465 +01:00 [INF] HTTP POST /eventjobs/stats responded 200 in 4.0639 ms
2025-09-23 18:04:10.481 +01:00 [INF] HTTP POST /eventjobs/stats responded 200 in 12.1873 ms
2025-09-23 18:04:13.467 +01:00 [INF] HTTP POST /eventjobs/stats responded 200 in 5.3956 ms
2025-09-23 18:04:16.669 +01:00 [INF] HTTP POST /eventjobs/stats responded 200 in 207.2380 ms
2025-09-23 18:04:19.469 +01:00 [INF] HTTP POST /eventjobs/stats responded 200 in 4.6041 ms
2025-09-23 18:04:22.494 +01:00 [INF] HTTP POST /eventjobs/stats responded 200 in 23.8510 ms
2025-09-23 18:04:25.534 +01:00 [INF] HTTP POST /eventjobs/stats responded 200 in 26.1576 ms
2025-09-23 18:04:28.463 +01:00 [INF] HTTP POST /eventjobs/stats responded 200 in 3.9498 ms
2025-09-23 18:04:31.496 +01:00 [INF] HTTP POST /eventjobs/stats responded 200 in 28.6824 ms
2025-09-23 18:04:34.474 +01:00 [INF] HTTP POST /eventjobs/stats responded 200 in 5.5502 ms
2025-09-23 18:04:36.986 +01:00 [INF] HTTP GET /eventjobs/recurring responded 200 in 38.2120 ms
2025-09-23 18:04:39.474 +01:00 [INF] HTTP POST /eventjobs/stats responded 200 in 4.0440 ms
2025-09-23 18:04:42.490 +01:00 [INF] HTTP POST /eventjobs/stats responded 200 in 5.6615 ms
2025-09-23 18:04:45.476 +01:00 [INF] HTTP POST /eventjobs/stats responded 200 in 4.7192 ms
2025-09-23 18:04:47.502 +01:00 [INF] HTTP POST /eventjobs/stats responded 200 in 4.5938 ms
2025-09-23 18:04:49.523 +01:00 [INF] HTTP POST /eventjobs/stats responded 200 in 4.0527 ms
2025-09-23 18:04:49.900 +01:00 [INF] HTTP GET /eventjobs/recurring responded 200 in 29.9443 ms
2025-09-23 18:04:51.834 +01:00 [INF] HTTP GET /eventjobs/recurring responded 200 in 13.5322 ms
2025-09-23 18:04:53.969 +01:00 [INF] HTTP POST /eventjobs/stats responded 200 in 17.1386 ms
2025-09-23 18:04:55.682 +01:00 [INF] HTTP POST /eventjobs/recurring/trigger responded 204 in 17.7838 ms
2025-09-23 18:05:00.729 +01:00 [INF] HTTP POST /eventjobs/stats responded 200 in 5.4058 ms
2025-09-23 18:05:00.740 +01:00 [INF] HTTP GET /eventjobs/recurring responded 200 in 5033.8882 ms
2025-09-23 18:05:06.225 +01:00 [INF] HTTP POST /eventjobs/stats responded 200 in 8.6083 ms
2025-09-23 18:05:13.225 +01:00 [INF] HTTP POST /eventjobs/stats responded 200 in 5.0005 ms
2025-09-23 18:05:15.252 +01:00 [INF] HTTP POST /eventjobs/stats responded 200 in 4.0990 ms
2025-09-23 18:05:17.273 +01:00 [INF] HTTP POST /eventjobs/stats responded 200 in 7.8994 ms
2025-09-23 18:05:19.299 +01:00 [INF] HTTP POST /eventjobs/stats responded 200 in 9.3438 ms
2025-09-23 18:05:21.324 +01:00 [INF] HTTP POST /eventjobs/stats responded 200 in 6.2814 ms
2025-09-23 18:05:23.357 +01:00 [INF] HTTP POST /eventjobs/stats responded 200 in 9.7583 ms
2025-09-23 18:05:25.392 +01:00 [INF] HTTP POST /eventjobs/stats responded 200 in 9.4635 ms
2025-09-23 18:05:27.427 +01:00 [INF] HTTP POST /eventjobs/stats responded 200 in 11.0701 ms
2025-09-23 18:05:29.448 +01:00 [INF] HTTP POST /eventjobs/stats responded 200 in 4.4006 ms
2025-09-23 18:05:31.475 +01:00 [INF] HTTP POST /eventjobs/stats responded 200 in 8.6128 ms
2025-09-23 18:05:33.506 +01:00 [INF] HTTP POST /eventjobs/stats responded 200 in 8.4341 ms
2025-09-23 18:05:35.540 +01:00 [INF] HTTP POST /eventjobs/stats responded 200 in 12.4155 ms
2025-09-23 18:05:37.564 +01:00 [INF] HTTP POST /eventjobs/stats responded 200 in 5.2069 ms
2025-09-23 18:05:39.599 +01:00 [INF] HTTP POST /eventjobs/stats responded 200 in 9.1605 ms
2025-09-23 18:05:41.648 +01:00 [INF] HTTP POST /eventjobs/stats responded 200 in 23.0942 ms
2025-09-23 18:05:43.688 +01:00 [INF] HTTP POST /eventjobs/stats responded 200 in 24.8805 ms
2025-09-23 18:05:45.725 +01:00 [INF] HTTP POST /eventjobs/stats responded 200 in 13.1586 ms
2025-09-23 18:05:47.763 +01:00 [INF] HTTP POST /eventjobs/stats responded 200 in 24.1905 ms
2025-09-23 18:05:49.798 +01:00 [INF] HTTP POST /eventjobs/stats responded 200 in 16.0221 ms
2025-09-23 18:05:51.828 +01:00 [INF] HTTP POST /eventjobs/stats responded 200 in 11.5481 ms
2025-09-23 18:05:53.856 +01:00 [INF] HTTP POST /eventjobs/stats responded 200 in 8.3488 ms
2025-09-23 18:05:55.894 +01:00 [INF] HTTP POST /eventjobs/stats responded 200 in 16.1574 ms
2025-09-23 18:05:57.931 +01:00 [INF] HTTP POST /eventjobs/stats responded 200 in 9.0162 ms
2025-09-23 18:06:04.976 +01:00 [INF] HTTP POST /eventjobs/stats responded 200 in 4.7778 ms
2025-09-23 18:06:07.002 +01:00 [INF] HTTP POST /eventjobs/stats responded 200 in 7.9158 ms
2025-09-23 18:06:09.030 +01:00 [INF] HTTP POST /eventjobs/stats responded 200 in 5.1389 ms
2025-09-23 18:06:11.068 +01:00 [INF] HTTP POST /eventjobs/stats responded 200 in 9.2818 ms
2025-09-23 18:06:13.109 +01:00 [INF] HTTP POST /eventjobs/stats responded 200 in 20.1732 ms
2025-09-23 18:06:15.145 +01:00 [INF] HTTP POST /eventjobs/stats responded 200 in 12.5432 ms
2025-09-23 18:06:17.482 +01:00 [INF] HTTP POST /eventjobs/stats responded 200 in 8.8225 ms
2025-09-23 18:06:20.478 +01:00 [INF] HTTP POST /eventjobs/stats responded 200 in 8.5430 ms
2025-09-23 18:06:22.728 +01:00 [INF] HTTP POST /eventjobs/stats responded 200 in 4.7807 ms
2025-09-23 18:06:25.465 +01:00 [INF] HTTP POST /eventjobs/stats responded 200 in 4.2755 ms
2025-09-23 18:06:28.462 +01:00 [INF] HTTP POST /eventjobs/stats responded 200 in 5.1666 ms
2025-09-23 18:06:31.498 +01:00 [INF] HTTP POST /eventjobs/stats responded 200 in 8.2340 ms
2025-09-23 18:06:34.503 +01:00 [INF] HTTP POST /eventjobs/stats responded 200 in 9.8794 ms
2025-09-23 18:06:37.483 +01:00 [INF] HTTP POST /eventjobs/stats responded 200 in 11.8702 ms
2025-09-23 18:06:40.486 +01:00 [INF] HTTP POST /eventjobs/stats responded 200 in 12.9144 ms
2025-09-23 18:06:43.474 +01:00 [INF] HTTP POST /eventjobs/stats responded 200 in 9.1205 ms
2025-09-23 18:06:46.478 +01:00 [INF] HTTP POST /eventjobs/stats responded 200 in 6.7399 ms
2025-09-23 18:06:49.468 +01:00 [INF] HTTP POST /eventjobs/stats responded 200 in 6.5166 ms
2025-09-23 18:06:52.475 +01:00 [INF] HTTP POST /eventjobs/stats responded 200 in 6.1530 ms
2025-09-23 18:06:55.477 +01:00 [INF] HTTP POST /eventjobs/stats responded 200 in 4.3217 ms
2025-09-23 18:06:58.487 +01:00 [INF] HTTP POST /eventjobs/stats responded 200 in 13.0717 ms
2025-09-23 18:07:01.476 +01:00 [INF] HTTP POST /eventjobs/stats responded 200 in 6.9507 ms
2025-09-23 18:07:04.471 +01:00 [INF] HTTP POST /eventjobs/stats responded 200 in 7.5678 ms
2025-09-23 18:07:07.479 +01:00 [INF] HTTP POST /eventjobs/stats responded 200 in 4.7493 ms
2025-09-23 18:07:10.471 +01:00 [INF] HTTP POST /eventjobs/stats responded 200 in 6.5236 ms
2025-09-23 18:07:13.484 +01:00 [INF] HTTP POST /eventjobs/stats responded 200 in 6.2939 ms
2025-09-23 18:07:16.464 +01:00 [INF] HTTP POST /eventjobs/stats responded 200 in 3.7807 ms
2025-09-23 18:07:19.471 +01:00 [INF] HTTP POST /eventjobs/stats responded 200 in 5.3522 ms
2025-09-23 18:07:22.474 +01:00 [INF] HTTP POST /eventjobs/stats responded 200 in 8.7949 ms
2025-09-23 18:07:25.474 +01:00 [INF] HTTP POST /eventjobs/stats responded 200 in 8.6075 ms
2025-09-23 18:07:28.476 +01:00 [INF] HTTP POST /eventjobs/stats responded 200 in 10.3121 ms
2025-09-23 18:07:31.473 +01:00 [INF] HTTP POST /eventjobs/stats responded 200 in 4.8427 ms
2025-09-23 18:07:34.488 +01:00 [INF] HTTP POST /eventjobs/stats responded 200 in 6.3305 ms
2025-09-23 18:07:37.483 +01:00 [INF] HTTP POST /eventjobs/stats responded 200 in 11.1806 ms
2025-09-23 18:07:40.474 +01:00 [INF] HTTP POST /eventjobs/stats responded 200 in 9.0177 ms
2025-09-23 18:07:43.477 +01:00 [INF] HTTP POST /eventjobs/stats responded 200 in 8.0459 ms
2025-09-23 18:07:46.464 +01:00 [INF] HTTP POST /eventjobs/stats responded 200 in 4.9019 ms
2025-09-23 18:07:49.474 +01:00 [INF] HTTP POST /eventjobs/stats responded 200 in 6.7439 ms
2025-09-23 18:07:52.475 +01:00 [INF] HTTP POST /eventjobs/stats responded 200 in 8.0076 ms
2025-09-23 18:07:55.478 +01:00 [INF] HTTP POST /eventjobs/stats responded 200 in 6.6126 ms
2025-09-23 18:07:58.486 +01:00 [INF] HTTP POST /eventjobs/stats responded 200 in 10.9866 ms
2025-09-23 18:08:01.486 +01:00 [INF] HTTP POST /eventjobs/stats responded 200 in 16.9699 ms
2025-09-23 18:08:04.483 +01:00 [INF] HTTP POST /eventjobs/stats responded 200 in 9.7008 ms
2025-09-23 18:08:07.480 +01:00 [INF] HTTP POST /eventjobs/stats responded 200 in 9.4035 ms
2025-09-23 18:08:10.462 +01:00 [INF] HTTP POST /eventjobs/stats responded 200 in 3.2748 ms
2025-09-23 18:08:13.468 +01:00 [INF] HTTP POST /eventjobs/stats responded 200 in 5.5212 ms
2025-09-23 18:08:16.472 +01:00 [INF] HTTP POST /eventjobs/stats responded 200 in 7.8558 ms
2025-09-23 18:08:19.470 +01:00 [INF] HTTP POST /eventjobs/stats responded 200 in 4.3087 ms
2025-09-23 18:08:22.476 +01:00 [INF] HTTP POST /eventjobs/stats responded 200 in 7.9984 ms
2025-09-23 18:08:25.470 +01:00 [INF] HTTP POST /eventjobs/stats responded 200 in 10.2928 ms
2025-09-23 18:08:28.485 +01:00 [INF] HTTP POST /eventjobs/stats responded 200 in 10.3669 ms
2025-09-23 18:08:31.473 +01:00 [INF] HTTP POST /eventjobs/stats responded 200 in 9.4781 ms
2025-09-23 18:08:34.484 +01:00 [INF] HTTP POST /eventjobs/stats responded 200 in 4.3965 ms
2025-09-23 18:08:37.465 +01:00 [INF] HTTP POST /eventjobs/stats responded 200 in 3.8007 ms
2025-09-23 18:08:40.478 +01:00 [INF] HTTP POST /eventjobs/stats responded 200 in 9.0312 ms
2025-09-23 18:08:43.474 +01:00 [INF] HTTP POST /eventjobs/stats responded 200 in 9.2435 ms
2025-09-23 18:08:46.472 +01:00 [INF] HTTP POST /eventjobs/stats responded 200 in 10.6770 ms
2025-09-23 18:08:49.474 +01:00 [INF] HTTP POST /eventjobs/stats responded 200 in 5.8758 ms
2025-09-23 18:08:52.473 +01:00 [INF] HTTP POST /eventjobs/stats responded 200 in 8.5542 ms
2025-09-23 18:08:55.462 +01:00 [INF] HTTP POST /eventjobs/stats responded 200 in 4.1933 ms
2025-09-23 18:08:58.477 +01:00 [INF] HTTP POST /eventjobs/stats responded 200 in 5.6579 ms
2025-09-23 18:09:01.468 +01:00 [INF] HTTP POST /eventjobs/stats responded 200 in 5.6592 ms
2025-09-23 18:09:04.480 +01:00 [INF] HTTP POST /eventjobs/stats responded 200 in 8.5304 ms
2025-09-23 18:09:07.482 +01:00 [INF] HTTP POST /eventjobs/stats responded 200 in 9.8786 ms
2025-09-23 18:09:10.468 +01:00 [INF] HTTP POST /eventjobs/stats responded 200 in 2.8607 ms
2025-09-23 18:09:13.468 +01:00 [INF] HTTP POST /eventjobs/stats responded 200 in 6.0042 ms
2025-09-23 18:09:16.482 +01:00 [INF] HTTP POST /eventjobs/stats responded 200 in 8.6553 ms
2025-09-23 18:09:19.485 +01:00 [INF] HTTP POST /eventjobs/stats responded 200 in 11.4370 ms
2025-09-23 18:09:22.472 +01:00 [INF] HTTP POST /eventjobs/stats responded 200 in 8.7846 ms
2025-09-23 18:09:25.663 +01:00 [INF] HTTP POST /eventjobs/stats responded 200 in 187.5160 ms
2025-09-23 18:09:28.473 +01:00 [INF] HTTP POST /eventjobs/stats responded 200 in 4.5813 ms
2025-09-23 18:09:31.480 +01:00 [INF] HTTP POST /eventjobs/stats responded 200 in 8.7938 ms
2025-09-23 18:09:34.502 +01:00 [INF] HTTP POST /eventjobs/stats responded 200 in 17.3930 ms
2025-09-23 18:09:37.512 +01:00 [INF] HTTP POST /eventjobs/stats responded 200 in 40.5293 ms
2025-09-23 18:09:40.465 +01:00 [INF] HTTP POST /eventjobs/stats responded 200 in 5.7911 ms
2025-09-23 18:09:43.475 +01:00 [INF] HTTP POST /eventjobs/stats responded 200 in 9.8209 ms
2025-09-23 18:09:46.472 +01:00 [INF] HTTP POST /eventjobs/stats responded 200 in 4.5259 ms
2025-09-23 18:09:49.469 +01:00 [INF] HTTP POST /eventjobs/stats responded 200 in 2.9015 ms
2025-09-23 18:09:52.474 +01:00 [INF] HTTP POST /eventjobs/stats responded 200 in 6.3975 ms
2025-09-23 18:09:55.500 +01:00 [INF] HTTP POST /eventjobs/stats responded 200 in 24.3592 ms
2025-09-23 18:09:58.491 +01:00 [INF] HTTP POST /eventjobs/stats responded 200 in 4.5675 ms
2025-09-23 18:10:01.483 +01:00 [INF] HTTP POST /eventjobs/stats responded 200 in 9.3419 ms
2025-09-23 18:10:04.930 +01:00 [INF] HTTP POST /eventjobs/stats responded 200 in 4.2655 ms
2025-09-23 18:10:07.472 +01:00 [INF] HTTP POST /eventjobs/stats responded 200 in 7.9054 ms
2025-09-23 18:10:10.479 +01:00 [INF] HTTP POST /eventjobs/stats responded 200 in 5.3684 ms
2025-09-23 18:10:13.473 +01:00 [INF] HTTP POST /eventjobs/stats responded 200 in 10.5261 ms
2025-09-23 18:10:16.476 +01:00 [INF] HTTP POST /eventjobs/stats responded 200 in 9.4138 ms
2025-09-23 18:10:19.487 +01:00 [INF] HTTP POST /eventjobs/stats responded 200 in 12.4223 ms
2025-09-23 18:10:22.488 +01:00 [INF] HTTP POST /eventjobs/stats responded 200 in 11.3018 ms
2025-09-23 18:10:25.660 +01:00 [INF] HTTP POST /eventjobs/stats responded 200 in 4.0996 ms
2025-09-23 18:10:28.497 +01:00 [INF] HTTP POST /eventjobs/stats responded 200 in 4.3198 ms
2025-09-23 18:10:31.467 +01:00 [INF] HTTP POST /eventjobs/stats responded 200 in 4.9093 ms
2025-09-23 18:10:34.476 +01:00 [INF] HTTP POST /eventjobs/stats responded 200 in 2.9455 ms
2025-09-23 18:10:37.460 +01:00 [INF] HTTP POST /eventjobs/stats responded 200 in 3.6185 ms
2025-09-23 18:10:40.466 +01:00 [INF] HTTP POST /eventjobs/stats responded 200 in 5.0637 ms
2025-09-23 18:10:43.490 +01:00 [INF] HTTP POST /eventjobs/stats responded 200 in 19.0083 ms
2025-09-23 18:10:46.470 +01:00 [INF] HTTP POST /eventjobs/stats responded 200 in 3.2486 ms
2025-09-23 19:05:39.351 +01:00 [INF] Start installing Hangfire SQL objects...
2025-09-23 19:05:39.572 +01:00 [INF] Hangfire SQL objects installed.
2025-09-23 19:05:42.566 +01:00 [INF] Starting Hangfire Server using job storage: 'PostgreSQL Server: Host: localhost, DB: cavistaeventcelebration, Schema: hangfire'
2025-09-23 19:05:42.567 +01:00 [INF] Using the following options for PostgreSQL job storage:
2025-09-23 19:05:42.567 +01:00 [INF]     Queue poll interval: 00:00:15.
2025-09-23 19:05:42.568 +01:00 [INF]     Invisibility timeout: 00:30:00.
2025-09-23 19:05:42.568 +01:00 [INF]     Use sliding invisibility timeout: False.
2025-09-23 19:05:42.568 +01:00 [INF] Using the following options for Hangfire Server:
    Worker count: 20
    Listening queues: 'default'
    Shutdown timeout: 00:00:15
    Schedule polling interval: 00:00:15
2025-09-23 19:05:42.648 +01:00 [INF] Application started. Press Ctrl+C to shut down.
2025-09-23 19:05:42.649 +01:00 [INF] Hosting environment: Development
2025-09-23 19:05:42.649 +01:00 [INF] Content root path: C:\SparkHubGit\CavistaEventCelebration\CavistaEventCelebration.Api
2025-09-23 19:05:43.240 +01:00 [INF] Server desktop-egf5hga:4540:bf5e4f2d successfully announced in 568.7874 ms
2025-09-23 19:05:43.251 +01:00 [INF] Server desktop-egf5hga:4540:bf5e4f2d is starting the registered dispatchers: ServerWatchdog, ServerJobCancellationWatcher, ExpirationManager, CountersAggregator, Worker, DelayedJobScheduler, RecurringJobScheduler...
2025-09-23 19:05:43.270 +01:00 [INF] 1 servers were removed due to timeout
2025-09-23 19:05:45.183 +01:00 [INF] Server desktop-egf5hga:4540:bf5e4f2d all the dispatchers started
2025-09-23 19:05:45.513 +01:00 [INF] HTTP GET /swagger/index.html responded 200 in 2927.3326 ms
2025-09-23 19:05:45.956 +01:00 [INF] HTTP GET /swagger/v1/swagger.json responded 200 in 56.4469 ms
2025-09-23 19:06:10.217 +01:00 [INF] HTTP GET /.well-known/appspecific/com.chrome.devtools.json responded 404 in 6.8773 ms
2025-09-23 19:12:30.221 +01:00 [INF] HTTP POST /api/Auth/Login responded 200 in 255584.4932 ms
2025-09-23 19:15:47.652 +01:00 [INF] HTTP GET /api/Home responded 401 in 66.4458 ms
2025-09-23 19:19:41.403 +01:00 [INF] HTTP GET /api/Home responded 200 in 132524.3919 ms
2025-09-23 19:21:00.873 +01:00 [INF] HTTP GET /swagger/index.html responded 200 in 1.9394 ms
2025-09-23 19:21:01.016 +01:00 [INF] HTTP GET /.well-known/appspecific/com.chrome.devtools.json responded 404 in 0.1958 ms
2025-09-23 19:21:01.969 +01:00 [INF] HTTP GET /swagger/v1/swagger.json responded 200 in 227.8628 ms
2025-09-23 19:21:37.342 +01:00 [INF] HTTP GET /api/Home responded 200 in 3811.1936 ms
